Using pre-set license

 COMMAND LINE ARGUMENTS:
/Applications/Unity/Hub/Editor/2020.3.0f1/Unity.app/Contents/MacOS/Unity
-adb2
-batchMode
-noUpm
-name
AssetImportWorker0
-projectPath
/Users/fumi/Desktop/Practice game2/New Unity Project
-logFile
Logs/AssetImportWorker0.log
-srvPort
52866
Successfully changed project path to: /Users/fumi/Desktop/Practice game2/New Unity Project
/Users/fumi/Desktop/Practice game2/New Unity Project
Using Asset Import Pipeline V2.
Refreshing native plugins compatible for Editor in 25.49 ms, found 1 plugins.
Preloading 0 native plugins for Editor in 0.00 ms.
Initialize engine version: 2020.3.0f1 (c7b5465681fb)
[Subsystems] Discovering subsystems at path /Applications/Unity/Hub/Editor/2020.3.0f1/Unity.app/Contents/Resources/UnitySubsystems
[Subsystems] Discovering subsystems at path /Users/fumi/Desktop/Practice game2/New Unity Project/Assets
GfxDevice: creating device client; threaded=0
2021-03-25 22:28:34.411 Unity[6137:277017] Color LCD preferred device: Intel(R) Iris(TM) Plus Graphics 650 (low power)
2021-03-25 22:28:34.411 Unity[6137:277017] Metal devices available: 1
2021-03-25 22:28:34.411 Unity[6137:277017] 0: Intel(R) Iris(TM) Plus Graphics 650 (low power)
2021-03-25 22:28:34.412 Unity[6137:277017] Using device Intel(R) Iris(TM) Plus Graphics 650 (low power)
Initializing Metal device caps: Intel(R) Iris(TM) Plus Graphics 650
Initialize mono
Mono path[0] = '/Applications/Unity/Hub/Editor/2020.3.0f1/Unity.app/Contents/Managed'
Mono path[1] = '/Applications/Unity/Hub/Editor/2020.3.0f1/Unity.app/Contents/MonoBleedingEdge/lib/mono/unityjit'
Mono config path = '/Applications/Unity/Hub/Editor/2020.3.0f1/Unity.app/Contents/MonoBleedingEdge/etc'
Using monoOptions --debugger-agent=transport=dt_socket,embedding=1,server=y,suspend=n,address=127.0.0.1:56137
Begin MonoManager ReloadAssembly
Registering precompiled unity dll's ...
Register platform support module: /Applications/Unity/Hub/Editor/2020.3.0f1/PlaybackEngines/WebGLSupport/UnityEditor.WebGL.Extensions.dll
Register platform support module: /Applications/Unity/Hub/Editor/2020.3.0f1/Unity.app/Contents/PlaybackEngines/MacStandaloneSupport/UnityEditor.OSXStandalone.Extensions.dll
Registered in 0.029487 seconds.
Native extension for OSXStandalone target not found
Native extension for WebGL target not found
Refreshing native plugins compatible for Editor in 23.40 ms, found 1 plugins.
Preloading 0 native plugins for Editor in 0.00 ms.
Invoked RoslynAnalysisRunner static constructor.
RoslynAnalysisRunner will not be running.
RoslynAnalysisRunner has terminated.
Mono: successfully reloaded assembly
- Completed reload, in  2.616 seconds
Platform modules already initialized, skipping
Registering precompiled user dll's ...
Registered in 0.008602 seconds.
Begin MonoManager ReloadAssembly
Native extension for OSXStandalone target not found
Native extension for WebGL target not found
Refreshing native plugins compatible for Editor in 0.23 ms, found 1 plugins.
Preloading 0 native plugins for Editor in 0.00 ms.
Invoked RoslynAnalysisRunner static constructor.
RoslynAnalysisRunner will not be running.
RoslynAnalysisRunner has terminated.
Mono: successfully reloaded assembly
- Completed reload, in  1.321 seconds
Platform modules already initialized, skipping
========================================================================
Worker process is ready to serve import requests
Launching external process: /Applications/Unity/Hub/Editor/2020.3.0f1/Unity.app/Contents/Tools/UnityShaderCompiler
Launched and connected shader compiler UnityShaderCompiler after 0.05 seconds
Refreshing native plugins compatible for Editor in 0.26 ms, found 1 plugins.
Preloading 0 native plugins for Editor in 0.00 ms.
Unloading 1113 Unused Serialized files (Serialized files now loaded: 0)
System memory in use before: 108.8 MB.
System memory in use after: 108.8 MB.

Unloading 10 unused Assets to reduce memory usage. Loaded Objects now: 1555.
Total: 3.254193 ms (FindLiveObjects: 0.267611 ms CreateObjectMapping: 0.088464 ms MarkObjects: 2.787467 ms  DeleteObjects: 0.108177 ms)

========================================================================
Received Import Request.
  path: Assets/DogKnight/promotion.jpg
  artifactKey: Guid(f27d7537e17799e47be587331b9ef52b) Importer(815301076,1909f56bfc062723c751e8b465ee728b)
Start importing Assets/DogKnight/promotion.jpg using Guid(f27d7537e17799e47be587331b9ef52b) Importer(815301076,1909f56bfc062723c751e8b465ee728b)  -> (artifact id: '48887b72198ce14c1e9f9ca4c7a755eb') in 1.394023 seconds
  Import took 1.397505 seconds .

========================================================================
Received Import Request.
  Time since last request: 12.325461 seconds.
  path: Assets/DogKnight/Scene
  artifactKey: Guid(169044d5b44cadd40949a7ac78a33176) Importer(815301076,1909f56bfc062723c751e8b465ee728b)
Start importing Assets/DogKnight/Scene using Guid(169044d5b44cadd40949a7ac78a33176) Importer(815301076,1909f56bfc062723c751e8b465ee728b)  -> (artifact id: 'e70560218a81a73671317df1f574330e') in 0.001566 seconds
  Import took 0.003973 seconds .

========================================================================
Received Import Request.
  Time since last request: 1.205574 seconds.
  path: Assets/DogKnight/Scene/Scene01.unity
  artifactKey: Guid(f289dc5ef7a55d44b83125c0b2415ed4) Importer(815301076,1909f56bfc062723c751e8b465ee728b)
Start importing Assets/DogKnight/Scene/Scene01.unity using Guid(f289dc5ef7a55d44b83125c0b2415ed4) Importer(815301076,1909f56bfc062723c751e8b465ee728b)  -> (artifact id: 'cf5db0b90ac328a159e66ee051ff7649') in 0.003256 seconds
  Import took 0.005972 seconds .

========================================================================
Received Import Request.
  Time since last request: 45.097476 seconds.
  path: Assets/Scenes/SampleScene.unity
  artifactKey: Guid(9fc0d4010bbf28b4594072e72b8655ab) Importer(815301076,1909f56bfc062723c751e8b465ee728b)
Start importing Assets/Scenes/SampleScene.unity using Guid(9fc0d4010bbf28b4594072e72b8655ab) Importer(815301076,1909f56bfc062723c751e8b465ee728b)  -> (artifact id: '777e927d0b238e2cde0f6869e17df74c') in 0.002452 seconds
  Import took 0.005411 seconds .

========================================================================
Received Prepare
Registering precompiled user dll's ...
Registered in 0.001536 seconds.
Begin MonoManager ReloadAssembly
Native extension for OSXStandalone target not found
Native extension for WebGL target not found
Refreshing native plugins compatible for Editor in 0.24 ms, found 1 plugins.
Preloading 0 native plugins for Editor in 0.00 ms.
Invoked RoslynAnalysisRunner static constructor.
RoslynAnalysisRunner will not be running.
RoslynAnalysisRunner has terminated.
Mono: successfully reloaded assembly
- Completed reload, in  1.370 seconds
Platform modules already initialized, skipping
Refreshing native plugins compatible for Editor in 0.27 ms, found 1 plugins.
Preloading 0 native plugins for Editor in 0.00 ms.
Unloading 1108 Unused Serialized files (Serialized files now loaded: 0)
System memory in use before: 113.4 MB.
System memory in use after: 113.5 MB.

Unloading 5 unused Assets to reduce memory usage. Loaded Objects now: 1560.
Total: 2.358849 ms (FindLiveObjects: 0.347477 ms CreateObjectMapping: 0.081662 ms MarkObjects: 1.851504 ms  DeleteObjects: 0.076117 ms)

========================================================================
Received Import Request.
  Time since last request: 7.410358 seconds.
  path: Assets/DogKnight/Prefab/DogPBR.prefab
  artifactKey: Guid(214e08cd5e5d74c458e2a81b7ec2c84c) Importer(815301076,1909f56bfc062723c751e8b465ee728b)
Start importing Assets/DogKnight/Prefab/DogPBR.prefab using Guid(214e08cd5e5d74c458e2a81b7ec2c84c) Importer(815301076,1909f56bfc062723c751e8b465ee728b)  -> (artifact id: 'de67e6d467ad5d634d52cae911040d60') in 2.735186 seconds
  Import took 2.743218 seconds .

========================================================================
Received Import Request.
  Time since last request: 0.000279 seconds.
  path: Assets/DogKnight/Prefab/DogPolyart.prefab
  artifactKey: Guid(45288819fde2143449a96207b14db0bb) Importer(815301076,1909f56bfc062723c751e8b465ee728b)
Start importing Assets/DogKnight/Prefab/DogPolyart.prefab using Guid(45288819fde2143449a96207b14db0bb) Importer(815301076,1909f56bfc062723c751e8b465ee728b)  -> (artifact id: '14b9c29126d9a16299527e3d17acfccb') in 0.435656 seconds
  Import took 0.441973 seconds .

========================================================================
Received Prepare
Registering precompiled user dll's ...
Registered in 0.000421 seconds.
Begin MonoManager ReloadAssembly
Native extension for OSXStandalone target not found
Native extension for WebGL target not found
Refreshing native plugins compatible for Editor in 0.40 ms, found 1 plugins.
Preloading 0 native plugins for Editor in 0.00 ms.
Invoked RoslynAnalysisRunner static constructor.
RoslynAnalysisRunner will not be running.
RoslynAnalysisRunner has terminated.
Mono: successfully reloaded assembly
- Completed reload, in  1.288 seconds
Platform modules already initialized, skipping
Refreshing native plugins compatible for Editor in 0.45 ms, found 1 plugins.
Preloading 0 native plugins for Editor in 0.00 ms.
Unloading 1108 Unused Serialized files (Serialized files now loaded: 0)
System memory in use before: 135.5 MB.
System memory in use after: 135.6 MB.

Unloading 5 unused Assets to reduce memory usage. Loaded Objects now: 1571.
Total: 2.059058 ms (FindLiveObjects: 0.160204 ms CreateObjectMapping: 0.039440 ms MarkObjects: 1.787577 ms  DeleteObjects: 0.070159 ms)

========================================================================
Received Prepare
Registering precompiled user dll's ...
Registered in 0.000477 seconds.
Begin MonoManager ReloadAssembly
Native extension for OSXStandalone target not found
Native extension for WebGL target not found
Refreshing native plugins compatible for Editor in 0.24 ms, found 1 plugins.
Preloading 0 native plugins for Editor in 0.00 ms.
Invoked RoslynAnalysisRunner static constructor.
RoslynAnalysisRunner will not be running.
RoslynAnalysisRunner has terminated.
Mono: successfully reloaded assembly
- Completed reload, in  1.137 seconds
Platform modules already initialized, skipping
Refreshing native plugins compatible for Editor in 0.31 ms, found 1 plugins.
Preloading 0 native plugins for Editor in 0.00 ms.
Unloading 1108 Unused Serialized files (Serialized files now loaded: 0)
System memory in use before: 135.7 MB.
System memory in use after: 135.7 MB.

Unloading 5 unused Assets to reduce memory usage. Loaded Objects now: 1574.
Total: 1.937708 ms (FindLiveObjects: 0.293070 ms CreateObjectMapping: 0.067680 ms MarkObjects: 1.526670 ms  DeleteObjects: 0.048082 ms)

========================================================================
Received Import Request.
  Time since last request: 240.119810 seconds.
  path: Assets/DogKnight/Animator/DogControl.controller
  artifactKey: Guid(b60dc9aa529b314489f628aa3b57c470) Importer(815301076,1909f56bfc062723c751e8b465ee728b)
Start importing Assets/DogKnight/Animator/DogControl.controller using Guid(b60dc9aa529b314489f628aa3b57c470) Importer(815301076,1909f56bfc062723c751e8b465ee728b)  -> (artifact id: '2b4d4661904d0201c8188cfef74c1892') in 0.651802 seconds
  Import took 0.662491 seconds .

========================================================================
Received Prepare
Registering precompiled user dll's ...
Registered in 0.000394 seconds.
Begin MonoManager ReloadAssembly
Native extension for OSXStandalone target not found
Native extension for WebGL target not found
Refreshing native plugins compatible for Editor in 0.52 ms, found 1 plugins.
Preloading 0 native plugins for Editor in 0.00 ms.
Invoked RoslynAnalysisRunner static constructor.
RoslynAnalysisRunner will not be running.
RoslynAnalysisRunner has terminated.
Mono: successfully reloaded assembly
- Completed reload, in  1.096 seconds
Platform modules already initialized, skipping
Refreshing native plugins compatible for Editor in 0.22 ms, found 1 plugins.
Preloading 0 native plugins for Editor in 0.00 ms.
Unloading 1108 Unused Serialized files (Serialized files now loaded: 0)
System memory in use before: 140.1 MB.
System memory in use after: 140.1 MB.

Unloading 5 unused Assets to reduce memory usage. Loaded Objects now: 1577.
Total: 1.835195 ms (FindLiveObjects: 0.183807 ms CreateObjectMapping: 0.037737 ms MarkObjects: 1.562448 ms  DeleteObjects: 0.048539 ms)

========================================================================
Received Import Request.
  Time since last request: 94.792494 seconds.
  path: Assets/Animations
  artifactKey: Guid(bc2dbd0894d9b46689684dd2048e45f0) Importer(815301076,1909f56bfc062723c751e8b465ee728b)
Start importing Assets/Animations using Guid(bc2dbd0894d9b46689684dd2048e45f0) Importer(815301076,1909f56bfc062723c751e8b465ee728b)  -> (artifact id: '6d7739304254eb03bbdd63af1851288f') in 0.004851 seconds
  Import took 0.007142 seconds .

========================================================================
Received Import Request.
  Time since last request: 37.892081 seconds.
  path: Assets/Animations/SampleController.controller
  artifactKey: Guid(86d86dedb823d444d9fa42ccc9503a42) Importer(815301076,1909f56bfc062723c751e8b465ee728b)
Start importing Assets/Animations/SampleController.controller using Guid(86d86dedb823d444d9fa42ccc9503a42) Importer(815301076,1909f56bfc062723c751e8b465ee728b)  -> (artifact id: '1d0ea178ec95fb03adeaad93af78e1b8') in 0.023056 seconds
  Import took 0.025657 seconds .

========================================================================
Received Prepare
Registering precompiled user dll's ...
Registered in 0.000700 seconds.
Begin MonoManager ReloadAssembly
Native extension for OSXStandalone target not found
Native extension for WebGL target not found
Refreshing native plugins compatible for Editor in 0.73 ms, found 1 plugins.
Preloading 0 native plugins for Editor in 0.00 ms.
Invoked RoslynAnalysisRunner static constructor.
RoslynAnalysisRunner will not be running.
RoslynAnalysisRunner has terminated.
Mono: successfully reloaded assembly
- Completed reload, in  1.126 seconds
Platform modules already initialized, skipping
Refreshing native plugins compatible for Editor in 0.18 ms, found 1 plugins.
Preloading 0 native plugins for Editor in 0.00 ms.
Unloading 1108 Unused Serialized files (Serialized files now loaded: 0)
System memory in use before: 140.3 MB.
System memory in use after: 140.3 MB.

Unloading 5 unused Assets to reduce memory usage. Loaded Objects now: 1580.
Total: 4.138880 ms (FindLiveObjects: 0.503270 ms CreateObjectMapping: 0.366478 ms MarkObjects: 3.195123 ms  DeleteObjects: 0.071217 ms)

========================================================================
Received Import Request.
  Time since last request: 35.982355 seconds.
  path: Assets/DogKnight/Animations
  artifactKey: Guid(acc95159d37cb8b49be0ca5f0bdc7fbe) Importer(815301076,1909f56bfc062723c751e8b465ee728b)
Start importing Assets/DogKnight/Animations using Guid(acc95159d37cb8b49be0ca5f0bdc7fbe) Importer(815301076,1909f56bfc062723c751e8b465ee728b)  -> (artifact id: '1c2e0e4f7823a07890f50ff9e6818e68') in 0.010038 seconds
  Import took 0.012042 seconds .

========================================================================
Received Import Request.
  Time since last request: 14.444869 seconds.
  path: Assets/DogKnight/Animations/Idle_Battle.anim
  artifactKey: Guid(b79ff7bb68348be479d3db6b7fe8a569) Importer(815301076,1909f56bfc062723c751e8b465ee728b)
Start importing Assets/DogKnight/Animations/Idle_Battle.anim using Guid(b79ff7bb68348be479d3db6b7fe8a569) Importer(815301076,1909f56bfc062723c751e8b465ee728b)  -> (artifact id: '03d442ec4d1a3475ae6a0b961dea39c9') in 0.206966 seconds
  Import took 0.209478 seconds .

========================================================================
Received Prepare
Registering precompiled user dll's ...
Registered in 0.000998 seconds.
Begin MonoManager ReloadAssembly
Native extension for OSXStandalone target not found
Native extension for WebGL target not found
Refreshing native plugins compatible for Editor in 0.27 ms, found 1 plugins.
Preloading 0 native plugins for Editor in 0.00 ms.
Invoked RoslynAnalysisRunner static constructor.
RoslynAnalysisRunner will not be running.
RoslynAnalysisRunner has terminated.
Mono: successfully reloaded assembly
- Completed reload, in  0.988 seconds
Platform modules already initialized, skipping
Refreshing native plugins compatible for Editor in 0.25 ms, found 1 plugins.
Preloading 0 native plugins for Editor in 0.00 ms.
Unloading 1108 Unused Serialized files (Serialized files now loaded: 0)
System memory in use before: 144.6 MB.
System memory in use after: 144.7 MB.

Unloading 5 unused Assets to reduce memory usage. Loaded Objects now: 1583.
Total: 1.774471 ms (FindLiveObjects: 0.218123 ms CreateObjectMapping: 0.044172 ms MarkObjects: 1.458450 ms  DeleteObjects: 0.051767 ms)

========================================================================
Received Import Request.
  Time since last request: 120.487353 seconds.
  path: Assets/DogKnight/Animations/Attack01.anim
  artifactKey: Guid(6019f1b4a095b0b4396f5561a51fee89) Importer(815301076,1909f56bfc062723c751e8b465ee728b)
Start importing Assets/DogKnight/Animations/Attack01.anim using Guid(6019f1b4a095b0b4396f5561a51fee89) Importer(815301076,1909f56bfc062723c751e8b465ee728b)  -> (artifact id: '8546021cf3ad211ef50db1e26eba462e') in 0.034355 seconds
  Import took 0.036438 seconds .

========================================================================
Received Prepare
Registering precompiled user dll's ...
Registered in 0.000440 seconds.
Begin MonoManager ReloadAssembly
Native extension for OSXStandalone target not found
Native extension for WebGL target not found
Refreshing native plugins compatible for Editor in 0.55 ms, found 1 plugins.
Preloading 0 native plugins for Editor in 0.00 ms.
Invoked RoslynAnalysisRunner static constructor.
RoslynAnalysisRunner will not be running.
RoslynAnalysisRunner has terminated.
Mono: successfully reloaded assembly
- Completed reload, in  1.031 seconds
Platform modules already initialized, skipping
Refreshing native plugins compatible for Editor in 0.19 ms, found 1 plugins.
Preloading 0 native plugins for Editor in 0.00 ms.
Unloading 1108 Unused Serialized files (Serialized files now loaded: 0)
System memory in use before: 144.8 MB.
System memory in use after: 144.9 MB.

Unloading 5 unused Assets to reduce memory usage. Loaded Objects now: 1586.
Total: 2.634623 ms (FindLiveObjects: 0.201341 ms CreateObjectMapping: 0.042641 ms MarkObjects: 2.333827 ms  DeleteObjects: 0.054971 ms)

========================================================================
Received Prepare
Registering precompiled user dll's ...
Registered in 0.001672 seconds.
Begin MonoManager ReloadAssembly
Native extension for OSXStandalone target not found
Native extension for WebGL target not found
Refreshing native plugins compatible for Editor in 0.32 ms, found 1 plugins.
Preloading 0 native plugins for Editor in 0.00 ms.
Invoked RoslynAnalysisRunner static constructor.
RoslynAnalysisRunner will not be running.
RoslynAnalysisRunner has terminated.
Mono: successfully reloaded assembly
- Completed reload, in  1.149 seconds
Platform modules already initialized, skipping
Refreshing native plugins compatible for Editor in 0.42 ms, found 1 plugins.
Preloading 0 native plugins for Editor in 0.00 ms.
Unloading 1108 Unused Serialized files (Serialized files now loaded: 0)
System memory in use before: 145.0 MB.
System memory in use after: 145.1 MB.

Unloading 5 unused Assets to reduce memory usage. Loaded Objects now: 1589.
Total: 3.504875 ms (FindLiveObjects: 0.497170 ms CreateObjectMapping: 0.101366 ms MarkObjects: 2.835776 ms  DeleteObjects: 0.068128 ms)

========================================================================
Received Prepare
Registering precompiled user dll's ...
Registered in 0.001524 seconds.
Begin MonoManager ReloadAssembly
Native extension for OSXStandalone target not found
Native extension for WebGL target not found
Refreshing native plugins compatible for Editor in 0.23 ms, found 1 plugins.
Preloading 0 native plugins for Editor in 0.00 ms.
Invoked RoslynAnalysisRunner static constructor.
RoslynAnalysisRunner will not be running.
RoslynAnalysisRunner has terminated.
Mono: successfully reloaded assembly
- Completed reload, in  1.202 seconds
Platform modules already initialized, skipping
Refreshing native plugins compatible for Editor in 0.20 ms, found 1 plugins.
Preloading 0 native plugins for Editor in 0.00 ms.
Unloading 1108 Unused Serialized files (Serialized files now loaded: 0)
System memory in use before: 145.2 MB.
System memory in use after: 145.3 MB.

Unloading 5 unused Assets to reduce memory usage. Loaded Objects now: 1592.
Total: 2.946187 ms (FindLiveObjects: 0.336711 ms CreateObjectMapping: 0.090394 ms MarkObjects: 2.450750 ms  DeleteObjects: 0.065389 ms)

========================================================================
Received Prepare
Registering precompiled user dll's ...
Registered in 0.000712 seconds.
Begin MonoManager ReloadAssembly
Native extension for OSXStandalone target not found
Native extension for WebGL target not found
Refreshing native plugins compatible for Editor in 0.24 ms, found 1 plugins.
Preloading 0 native plugins for Editor in 0.00 ms.
Invoked RoslynAnalysisRunner static constructor.
RoslynAnalysisRunner will not be running.
RoslynAnalysisRunner has terminated.
Mono: successfully reloaded assembly
- Completed reload, in  1.039 seconds
Platform modules already initialized, skipping
Refreshing native plugins compatible for Editor in 0.34 ms, found 1 plugins.
Preloading 0 native plugins for Editor in 0.00 ms.
Unloading 1108 Unused Serialized files (Serialized files now loaded: 0)
System memory in use before: 145.4 MB.
System memory in use after: 145.4 MB.

Unloading 5 unused Assets to reduce memory usage. Loaded Objects now: 1595.
Total: 2.314846 ms (FindLiveObjects: 0.224642 ms CreateObjectMapping: 0.050118 ms MarkObjects: 1.984196 ms  DeleteObjects: 0.053893 ms)

========================================================================
Received Prepare
Registering precompiled user dll's ...
Registered in 0.001597 seconds.
Begin MonoManager ReloadAssembly
Native extension for OSXStandalone target not found
Native extension for WebGL target not found
Refreshing native plugins compatible for Editor in 0.26 ms, found 1 plugins.
Preloading 0 native plugins for Editor in 0.00 ms.
Invoked RoslynAnalysisRunner static constructor.
RoslynAnalysisRunner will not be running.
RoslynAnalysisRunner has terminated.
Mono: successfully reloaded assembly
- Completed reload, in  1.133 seconds
Platform modules already initialized, skipping
Refreshing native plugins compatible for Editor in 0.68 ms, found 1 plugins.
Preloading 0 native plugins for Editor in 0.00 ms.
Unloading 1108 Unused Serialized files (Serialized files now loaded: 0)
System memory in use before: 145.6 MB.
System memory in use after: 145.6 MB.

Unloading 5 unused Assets to reduce memory usage. Loaded Objects now: 1598.
Total: 3.563166 ms (FindLiveObjects: 0.431806 ms CreateObjectMapping: 0.095020 ms MarkObjects: 2.948248 ms  DeleteObjects: 0.085431 ms)

========================================================================
Received Prepare
Registering precompiled user dll's ...
Registered in 0.000514 seconds.
Begin MonoManager ReloadAssembly
Native extension for OSXStandalone target not found
Native extension for WebGL target not found
Refreshing native plugins compatible for Editor in 0.28 ms, found 1 plugins.
Preloading 0 native plugins for Editor in 0.00 ms.
Invoked RoslynAnalysisRunner static constructor.
RoslynAnalysisRunner will not be running.
RoslynAnalysisRunner has terminated.
Mono: successfully reloaded assembly
- Completed reload, in  0.971 seconds
Platform modules already initialized, skipping
Refreshing native plugins compatible for Editor in 0.39 ms, found 1 plugins.
Preloading 0 native plugins for Editor in 0.00 ms.
Unloading 1108 Unused Serialized files (Serialized files now loaded: 0)
System memory in use before: 145.8 MB.
System memory in use after: 145.8 MB.

Unloading 5 unused Assets to reduce memory usage. Loaded Objects now: 1601.
Total: 2.898173 ms (FindLiveObjects: 0.321596 ms CreateObjectMapping: 0.075697 ms MarkObjects: 2.432102 ms  DeleteObjects: 0.067057 ms)

========================================================================
Received Import Request.
  Time since last request: 904.745533 seconds.
  path: Assets/Scripts
  artifactKey: Guid(a1e47725b72dd4282990cb7d9d607fd4) Importer(815301076,1909f56bfc062723c751e8b465ee728b)
Start importing Assets/Scripts using Guid(a1e47725b72dd4282990cb7d9d607fd4) Importer(815301076,1909f56bfc062723c751e8b465ee728b)  -> (artifact id: '26159b3203230a0b6b181bd67d8db88a') in 0.007079 seconds
  Import took 0.010289 seconds .

========================================================================
Received Import Request.
  Time since last request: 16.921672 seconds.
  path: Assets/Scripts/DogManager.cs
  artifactKey: Guid(3f89fa911d2b54c299cae0c23714c4d6) Importer(815301076,1909f56bfc062723c751e8b465ee728b)
Start importing Assets/Scripts/DogManager.cs using Guid(3f89fa911d2b54c299cae0c23714c4d6) Importer(815301076,1909f56bfc062723c751e8b465ee728b)  -> (artifact id: '19709cb5707da0e7816ab5c72dd2aa15') in 0.509170 seconds
  Import took 0.512205 seconds .

========================================================================
Received Prepare
Registering precompiled user dll's ...
Registered in 0.000385 seconds.
Begin MonoManager ReloadAssembly
Native extension for OSXStandalone target not found
Native extension for WebGL target not found
Refreshing native plugins compatible for Editor in 0.24 ms, found 1 plugins.
Preloading 0 native plugins for Editor in 0.00 ms.
Invoked RoslynAnalysisRunner static constructor.
RoslynAnalysisRunner will not be running.
RoslynAnalysisRunner has terminated.
Mono: successfully reloaded assembly
- Completed reload, in  1.003 seconds
Platform modules already initialized, skipping
Refreshing native plugins compatible for Editor in 0.24 ms, found 1 plugins.
Preloading 0 native plugins for Editor in 0.00 ms.
Unloading 1109 Unused Serialized files (Serialized files now loaded: 0)
System memory in use before: 150.2 MB.
System memory in use after: 150.3 MB.

Unloading 5 unused Assets to reduce memory usage. Loaded Objects now: 1605.
Total: 2.295740 ms (FindLiveObjects: 0.290748 ms CreateObjectMapping: 0.067583 ms MarkObjects: 1.874981 ms  DeleteObjects: 0.059159 ms)

========================================================================
Received Prepare
Registering precompiled user dll's ...
Registered in 0.000615 seconds.
Begin MonoManager ReloadAssembly
Native extension for OSXStandalone target not found
Native extension for WebGL target not found
Refreshing native plugins compatible for Editor in 0.35 ms, found 1 plugins.
Preloading 0 native plugins for Editor in 0.00 ms.
Invoked RoslynAnalysisRunner static constructor.
RoslynAnalysisRunner will not be running.
RoslynAnalysisRunner has terminated.
Mono: successfully reloaded assembly
- Completed reload, in  1.158 seconds
Platform modules already initialized, skipping
Refreshing native plugins compatible for Editor in 0.29 ms, found 1 plugins.
Preloading 0 native plugins for Editor in 0.00 ms.
Unloading 1109 Unused Serialized files (Serialized files now loaded: 0)
System memory in use before: 150.5 MB.
System memory in use after: 150.5 MB.

Unloading 5 unused Assets to reduce memory usage. Loaded Objects now: 1608.
Total: 3.008617 ms (FindLiveObjects: 0.327677 ms CreateObjectMapping: 0.072788 ms MarkObjects: 2.509916 ms  DeleteObjects: 0.095941 ms)

========================================================================
Received Import Request.
  Time since last request: 215.624238 seconds.
  path: Assets/Scripts/DogManager.cs
  artifactKey: Guid(3f89fa911d2b54c299cae0c23714c4d6) Importer(815301076,1909f56bfc062723c751e8b465ee728b)
Start importing Assets/Scripts/DogManager.cs using Guid(3f89fa911d2b54c299cae0c23714c4d6) Importer(815301076,1909f56bfc062723c751e8b465ee728b)  -> (artifact id: '69add356fc079fbba570324709d5bdbb') in 0.010290 seconds
  Import took 0.014094 seconds .

========================================================================
Received Prepare
Registering precompiled user dll's ...
Registered in 0.000372 seconds.
Begin MonoManager ReloadAssembly
Native extension for OSXStandalone target not found
Native extension for WebGL target not found
Refreshing native plugins compatible for Editor in 0.24 ms, found 1 plugins.
Preloading 0 native plugins for Editor in 0.00 ms.
Invoked RoslynAnalysisRunner static constructor.
RoslynAnalysisRunner will not be running.
RoslynAnalysisRunner has terminated.
Mono: successfully reloaded assembly
- Completed reload, in  1.092 seconds
Platform modules already initialized, skipping
Refreshing native plugins compatible for Editor in 0.25 ms, found 1 plugins.
Preloading 0 native plugins for Editor in 0.00 ms.
Unloading 1109 Unused Serialized files (Serialized files now loaded: 0)
System memory in use before: 150.7 MB.
System memory in use after: 150.7 MB.

Unloading 5 unused Assets to reduce memory usage. Loaded Objects now: 1611.
Total: 1.632025 ms (FindLiveObjects: 0.172238 ms CreateObjectMapping: 0.036183 ms MarkObjects: 1.375750 ms  DeleteObjects: 0.046733 ms)

========================================================================
Received Import Request.
  Time since last request: 128.468240 seconds.
  path: Assets/Scripts/DogManager.cs
  artifactKey: Guid(3f89fa911d2b54c299cae0c23714c4d6) Importer(815301076,1909f56bfc062723c751e8b465ee728b)
Start importing Assets/Scripts/DogManager.cs using Guid(3f89fa911d2b54c299cae0c23714c4d6) Importer(815301076,1909f56bfc062723c751e8b465ee728b)  -> (artifact id: '03a887146688228702c7b92a4f27706f') in 0.006068 seconds
  Import took 0.008666 seconds .

========================================================================
Received Import Request.
  Time since last request: 1.719858 seconds.
  path: Assets/Scripts/DogManager.cs
  artifactKey: Guid(3f89fa911d2b54c299cae0c23714c4d6) Importer(815301076,1909f56bfc062723c751e8b465ee728b)
Start importing Assets/Scripts/DogManager.cs using Guid(3f89fa911d2b54c299cae0c23714c4d6) Importer(815301076,1909f56bfc062723c751e8b465ee728b)  -> (artifact id: '03a887146688228702c7b92a4f27706f') in 0.004639 seconds
  Import took 0.006950 seconds .

========================================================================
Received Prepare
Registering precompiled user dll's ...
Registered in 0.000384 seconds.
Begin MonoManager ReloadAssembly
Native extension for OSXStandalone target not found
Native extension for WebGL target not found
Refreshing native plugins compatible for Editor in 0.24 ms, found 1 plugins.
Preloading 0 native plugins for Editor in 0.00 ms.
Invoked RoslynAnalysisRunner static constructor.
RoslynAnalysisRunner will not be running.
RoslynAnalysisRunner has terminated.
Mono: successfully reloaded assembly
- Completed reload, in  1.246 seconds
Platform modules already initialized, skipping
Refreshing native plugins compatible for Editor in 0.23 ms, found 1 plugins.
Preloading 0 native plugins for Editor in 0.00 ms.
Unloading 1109 Unused Serialized files (Serialized files now loaded: 0)
System memory in use before: 150.9 MB.
System memory in use after: 150.9 MB.

Unloading 5 unused Assets to reduce memory usage. Loaded Objects now: 1614.
Total: 1.757203 ms (FindLiveObjects: 0.214696 ms CreateObjectMapping: 0.034323 ms MarkObjects: 1.456797 ms  DeleteObjects: 0.049902 ms)

========================================================================
Received Import Request.
  Time since last request: 82.894137 seconds.
  path: Assets/Scripts/DogManager.cs
  artifactKey: Guid(3f89fa911d2b54c299cae0c23714c4d6) Importer(815301076,1909f56bfc062723c751e8b465ee728b)
Start importing Assets/Scripts/DogManager.cs using Guid(3f89fa911d2b54c299cae0c23714c4d6) Importer(815301076,1909f56bfc062723c751e8b465ee728b)  -> (artifact id: '4f1ebaebd6ea406e23be22eca89a322b') in 0.006288 seconds
  Import took 0.014884 seconds .

========================================================================
Received Import Request.
  Time since last request: 1.321249 seconds.
  path: Assets/Scripts/DogManager.cs
  artifactKey: Guid(3f89fa911d2b54c299cae0c23714c4d6) Importer(815301076,1909f56bfc062723c751e8b465ee728b)
Start importing Assets/Scripts/DogManager.cs using Guid(3f89fa911d2b54c299cae0c23714c4d6) Importer(815301076,1909f56bfc062723c751e8b465ee728b)  -> (artifact id: '4f1ebaebd6ea406e23be22eca89a322b') in 0.003672 seconds
  Import took 0.005557 seconds .

========================================================================
Received Prepare
Registering precompiled user dll's ...
Registered in 0.000381 seconds.
Begin MonoManager ReloadAssembly
Native extension for OSXStandalone target not found
Native extension for WebGL target not found
Refreshing native plugins compatible for Editor in 0.24 ms, found 1 plugins.
Preloading 0 native plugins for Editor in 0.00 ms.
Invoked RoslynAnalysisRunner static constructor.
RoslynAnalysisRunner will not be running.
RoslynAnalysisRunner has terminated.
Mono: successfully reloaded assembly
- Completed reload, in  1.087 seconds
Platform modules already initialized, skipping
Refreshing native plugins compatible for Editor in 0.22 ms, found 1 plugins.
Preloading 0 native plugins for Editor in 0.00 ms.
Unloading 1109 Unused Serialized files (Serialized files now loaded: 0)
System memory in use before: 151.0 MB.
System memory in use after: 151.1 MB.

Unloading 5 unused Assets to reduce memory usage. Loaded Objects now: 1617.
Total: 2.239277 ms (FindLiveObjects: 0.615447 ms CreateObjectMapping: 0.059362 ms MarkObjects: 1.511444 ms  DeleteObjects: 0.051136 ms)

========================================================================
Received Import Request.
  Time since last request: 39.517916 seconds.
  path: Assets/Scripts/DogManager.cs
  artifactKey: Guid(3f89fa911d2b54c299cae0c23714c4d6) Importer(815301076,1909f56bfc062723c751e8b465ee728b)
Start importing Assets/Scripts/DogManager.cs using Guid(3f89fa911d2b54c299cae0c23714c4d6) Importer(815301076,1909f56bfc062723c751e8b465ee728b)  -> (artifact id: '0ef33750f25a2ebf05b8344517533a0b') in 0.006335 seconds
  Import took 0.008798 seconds .

========================================================================
Received Import Request.
  Time since last request: 1.765366 seconds.
  path: Assets/Scripts/DogManager.cs
  artifactKey: Guid(3f89fa911d2b54c299cae0c23714c4d6) Importer(815301076,1909f56bfc062723c751e8b465ee728b)
Start importing Assets/Scripts/DogManager.cs using Guid(3f89fa911d2b54c299cae0c23714c4d6) Importer(815301076,1909f56bfc062723c751e8b465ee728b)  -> (artifact id: '0ef33750f25a2ebf05b8344517533a0b') in 0.004619 seconds
  Import took 0.006518 seconds .

========================================================================
Received Prepare
Registering precompiled user dll's ...
Registered in 0.001197 seconds.
Begin MonoManager ReloadAssembly
Native extension for OSXStandalone target not found
Native extension for WebGL target not found
Refreshing native plugins compatible for Editor in 0.23 ms, found 1 plugins.
Preloading 0 native plugins for Editor in 0.00 ms.
Invoked RoslynAnalysisRunner static constructor.
RoslynAnalysisRunner will not be running.
RoslynAnalysisRunner has terminated.
Mono: successfully reloaded assembly
- Completed reload, in  1.199 seconds
Platform modules already initialized, skipping
Refreshing native plugins compatible for Editor in 0.33 ms, found 1 plugins.
Preloading 0 native plugins for Editor in 0.00 ms.
Unloading 1109 Unused Serialized files (Serialized files now loaded: 0)
System memory in use before: 151.2 MB.
System memory in use after: 151.3 MB.

Unloading 5 unused Assets to reduce memory usage. Loaded Objects now: 1620.
Total: 1.971916 ms (FindLiveObjects: 0.297540 ms CreateObjectMapping: 0.101461 ms MarkObjects: 1.519012 ms  DeleteObjects: 0.052286 ms)

========================================================================
Received Prepare
Registering precompiled user dll's ...
Registered in 0.000551 seconds.
Begin MonoManager ReloadAssembly
Native extension for OSXStandalone target not found
Native extension for WebGL target not found
Refreshing native plugins compatible for Editor in 0.24 ms, found 1 plugins.
Preloading 0 native plugins for Editor in 0.00 ms.
Invoked RoslynAnalysisRunner static constructor.
RoslynAnalysisRunner will not be running.
RoslynAnalysisRunner has terminated.
Mono: successfully reloaded assembly
- Completed reload, in  1.089 seconds
Platform modules already initialized, skipping
Refreshing native plugins compatible for Editor in 0.24 ms, found 1 plugins.
Preloading 0 native plugins for Editor in 0.00 ms.
Unloading 1110 Unused Serialized files (Serialized files now loaded: 0)
System memory in use before: 151.4 MB.
System memory in use after: 151.5 MB.

Unloading 5 unused Assets to reduce memory usage. Loaded Objects now: 1624.
Total: 2.115081 ms (FindLiveObjects: 0.295519 ms CreateObjectMapping: 0.059051 ms MarkObjects: 1.709105 ms  DeleteObjects: 0.049642 ms)

========================================================================
Received Prepare
Registering precompiled user dll's ...
Registered in 0.000391 seconds.
Begin MonoManager ReloadAssembly
Native extension for OSXStandalone target not found
Native extension for WebGL target not found
Refreshing native plugins compatible for Editor in 0.27 ms, found 1 plugins.
Preloading 0 native plugins for Editor in 0.00 ms.
Invoked RoslynAnalysisRunner static constructor.
RoslynAnalysisRunner will not be running.
RoslynAnalysisRunner has terminated.
Mono: successfully reloaded assembly
- Completed reload, in  1.058 seconds
Platform modules already initialized, skipping
Refreshing native plugins compatible for Editor in 0.19 ms, found 1 plugins.
Preloading 0 native plugins for Editor in 0.00 ms.
Unloading 1110 Unused Serialized files (Serialized files now loaded: 0)
System memory in use before: 151.6 MB.
System memory in use after: 151.7 MB.

Unloading 5 unused Assets to reduce memory usage. Loaded Objects now: 1627.
Total: 2.319726 ms (FindLiveObjects: 0.300437 ms CreateObjectMapping: 0.055180 ms MarkObjects: 1.909852 ms  DeleteObjects: 0.052730 ms)

========================================================================
Received Import Request.
  Time since last request: 247.992877 seconds.
  path: Assets/Scripts/DogAttackBehavior.cs
  artifactKey: Guid(b1f1210c5239b43feb7720df3ba5e9ce) Importer(815301076,1909f56bfc062723c751e8b465ee728b)
Start importing Assets/Scripts/DogAttackBehavior.cs using Guid(b1f1210c5239b43feb7720df3ba5e9ce) Importer(815301076,1909f56bfc062723c751e8b465ee728b)  -> (artifact id: '5624816ea7ed0cc6d77c12c9891129dd') in 0.013172 seconds
  Import took 0.016253 seconds .

========================================================================
Received Import Request.
  Time since last request: 0.026888 seconds.
  path: Assets/Scripts/DogAttackBehavior.cs
  artifactKey: Guid(b1f1210c5239b43feb7720df3ba5e9ce) Importer(815301076,1909f56bfc062723c751e8b465ee728b)
Start importing Assets/Scripts/DogAttackBehavior.cs using Guid(b1f1210c5239b43feb7720df3ba5e9ce) Importer(815301076,1909f56bfc062723c751e8b465ee728b)  -> (artifact id: '5624816ea7ed0cc6d77c12c9891129dd') in 0.004733 seconds
  Import took 0.007434 seconds .

========================================================================
Received Prepare
Registering precompiled user dll's ...
Registered in 0.000386 seconds.
Begin MonoManager ReloadAssembly
Native extension for OSXStandalone target not found
Native extension for WebGL target not found
Refreshing native plugins compatible for Editor in 0.24 ms, found 1 plugins.
Preloading 0 native plugins for Editor in 0.00 ms.
Invoked RoslynAnalysisRunner static constructor.
RoslynAnalysisRunner will not be running.
RoslynAnalysisRunner has terminated.
Mono: successfully reloaded assembly
- Completed reload, in  1.091 seconds
Platform modules already initialized, skipping
Refreshing native plugins compatible for Editor in 0.21 ms, found 1 plugins.
Preloading 0 native plugins for Editor in 0.00 ms.
Unloading 1110 Unused Serialized files (Serialized files now loaded: 0)
System memory in use before: 151.8 MB.
System memory in use after: 151.9 MB.

Unloading 5 unused Assets to reduce memory usage. Loaded Objects now: 1630.
Total: 2.276182 ms (FindLiveObjects: 0.409442 ms CreateObjectMapping: 0.154900 ms MarkObjects: 1.639989 ms  DeleteObjects: 0.069358 ms)

========================================================================
Received Import Request.
  Time since last request: 143.489656 seconds.
  path: Assets/Scripts/DogAttackBehavior.cs
  artifactKey: Guid(b1f1210c5239b43feb7720df3ba5e9ce) Importer(815301076,1909f56bfc062723c751e8b465ee728b)
Start importing Assets/Scripts/DogAttackBehavior.cs using Guid(b1f1210c5239b43feb7720df3ba5e9ce) Importer(815301076,1909f56bfc062723c751e8b465ee728b)  -> (artifact id: '45c8a3ed77fb8944333e752c7f648134') in 0.008636 seconds
  Import took 0.012864 seconds .

========================================================================
Received Prepare
Registering precompiled user dll's ...
Registered in 0.000829 seconds.
Begin MonoManager ReloadAssembly
Native extension for OSXStandalone target not found
Native extension for WebGL target not found
Refreshing native plugins compatible for Editor in 0.27 ms, found 1 plugins.
Preloading 0 native plugins for Editor in 0.00 ms.
Invoked RoslynAnalysisRunner static constructor.
RoslynAnalysisRunner will not be running.
RoslynAnalysisRunner has terminated.
Mono: successfully reloaded assembly
- Completed reload, in  1.296 seconds
Platform modules already initialized, skipping
Refreshing native plugins compatible for Editor in 0.28 ms, found 1 plugins.
Preloading 0 native plugins for Editor in 0.00 ms.
Unloading 1110 Unused Serialized files (Serialized files now loaded: 0)
System memory in use before: 152.0 MB.
System memory in use after: 152.1 MB.

Unloading 5 unused Assets to reduce memory usage. Loaded Objects now: 1633.
Total: 2.660021 ms (FindLiveObjects: 0.389773 ms CreateObjectMapping: 0.138453 ms MarkObjects: 2.067502 ms  DeleteObjects: 0.062316 ms)

========================================================================
Received Prepare
Registering precompiled user dll's ...
Registered in 0.000392 seconds.
Begin MonoManager ReloadAssembly
Native extension for OSXStandalone target not found
Native extension for WebGL target not found
Refreshing native plugins compatible for Editor in 0.23 ms, found 1 plugins.
Preloading 0 native plugins for Editor in 0.00 ms.
Invoked RoslynAnalysisRunner static constructor.
RoslynAnalysisRunner will not be running.
RoslynAnalysisRunner has terminated.
Mono: successfully reloaded assembly
- Completed reload, in  1.069 seconds
Platform modules already initialized, skipping
Refreshing native plugins compatible for Editor in 0.23 ms, found 1 plugins.
Preloading 0 native plugins for Editor in 0.00 ms.
Unloading 1110 Unused Serialized files (Serialized files now loaded: 0)
System memory in use before: 152.2 MB.
System memory in use after: 152.2 MB.

Unloading 5 unused Assets to reduce memory usage. Loaded Objects now: 1636.
Total: 1.661456 ms (FindLiveObjects: 0.202245 ms CreateObjectMapping: 0.036571 ms MarkObjects: 1.375530 ms  DeleteObjects: 0.046121 ms)

========================================================================
Received Prepare
Registering precompiled user dll's ...
Registered in 0.000363 seconds.
Begin MonoManager ReloadAssembly
Native extension for OSXStandalone target not found
Native extension for WebGL target not found
Refreshing native plugins compatible for Editor in 0.24 ms, found 1 plugins.
Preloading 0 native plugins for Editor in 0.00 ms.
Invoked RoslynAnalysisRunner static constructor.
RoslynAnalysisRunner will not be running.
RoslynAnalysisRunner has terminated.
Mono: successfully reloaded assembly
- Completed reload, in  1.045 seconds
Platform modules already initialized, skipping
Refreshing native plugins compatible for Editor in 0.23 ms, found 1 plugins.
Preloading 0 native plugins for Editor in 0.00 ms.
Unloading 1110 Unused Serialized files (Serialized files now loaded: 0)
System memory in use before: 152.4 MB.
System memory in use after: 152.4 MB.

Unloading 5 unused Assets to reduce memory usage. Loaded Objects now: 1639.
Total: 1.995011 ms (FindLiveObjects: 0.210249 ms CreateObjectMapping: 0.039423 ms MarkObjects: 1.693581 ms  DeleteObjects: 0.050329 ms)

========================================================================
Received Prepare
Registering precompiled user dll's ...
Registered in 0.001244 seconds.
Begin MonoManager ReloadAssembly
Native extension for OSXStandalone target not found
Native extension for WebGL target not found
Refreshing native plugins compatible for Editor in 0.24 ms, found 1 plugins.
Preloading 0 native plugins for Editor in 0.00 ms.
Invoked RoslynAnalysisRunner static constructor.
RoslynAnalysisRunner will not be running.
RoslynAnalysisRunner has terminated.
Mono: successfully reloaded assembly
- Completed reload, in  1.051 seconds
Platform modules already initialized, skipping
Refreshing native plugins compatible for Editor in 0.21 ms, found 1 plugins.
Preloading 0 native plugins for Editor in 0.00 ms.
Unloading 1110 Unused Serialized files (Serialized files now loaded: 0)
System memory in use before: 152.6 MB.
System memory in use after: 152.6 MB.

Unloading 5 unused Assets to reduce memory usage. Loaded Objects now: 1642.
Total: 2.112564 ms (FindLiveObjects: 0.310037 ms CreateObjectMapping: 0.097602 ms MarkObjects: 1.647919 ms  DeleteObjects: 0.055483 ms)

========================================================================
Received Prepare
Registering precompiled user dll's ...
Registered in 0.000378 seconds.
Begin MonoManager ReloadAssembly
Native extension for OSXStandalone target not found
Native extension for WebGL target not found
Refreshing native plugins compatible for Editor in 0.23 ms, found 1 plugins.
Preloading 0 native plugins for Editor in 0.00 ms.
Invoked RoslynAnalysisRunner static constructor.
RoslynAnalysisRunner will not be running.
RoslynAnalysisRunner has terminated.
Mono: successfully reloaded assembly
- Completed reload, in  1.026 seconds
Platform modules already initialized, skipping
Refreshing native plugins compatible for Editor in 0.29 ms, found 1 plugins.
Preloading 0 native plugins for Editor in 0.00 ms.
Unloading 1110 Unused Serialized files (Serialized files now loaded: 0)
System memory in use before: 152.8 MB.
System memory in use after: 152.8 MB.

Unloading 5 unused Assets to reduce memory usage. Loaded Objects now: 1645.
Total: 2.436623 ms (FindLiveObjects: 0.415567 ms CreateObjectMapping: 0.081956 ms MarkObjects: 1.878801 ms  DeleteObjects: 0.058526 ms)

========================================================================
Received Import Request.
  Time since last request: 703.576145 seconds.
  path: Assets/Scripts/DogManager.cs
  artifactKey: Guid(3f89fa911d2b54c299cae0c23714c4d6) Importer(815301076,1909f56bfc062723c751e8b465ee728b)
Start importing Assets/Scripts/DogManager.cs using Guid(3f89fa911d2b54c299cae0c23714c4d6) Importer(815301076,1909f56bfc062723c751e8b465ee728b)  -> (artifact id: '9ad2cec684ecc4b98ce23565a72546b1') in 0.006677 seconds
  Import took 0.009217 seconds .

========================================================================
Received Prepare
Registering precompiled user dll's ...
Registered in 0.002991 seconds.
Begin MonoManager ReloadAssembly
Native extension for OSXStandalone target not found
Native extension for WebGL target not found
Refreshing native plugins compatible for Editor in 0.28 ms, found 1 plugins.
Preloading 0 native plugins for Editor in 0.00 ms.
Invoked RoslynAnalysisRunner static constructor.
RoslynAnalysisRunner will not be running.
RoslynAnalysisRunner has terminated.
Mono: successfully reloaded assembly
- Completed reload, in  1.144 seconds
Platform modules already initialized, skipping
Refreshing native plugins compatible for Editor in 0.30 ms, found 1 plugins.
Preloading 0 native plugins for Editor in 0.00 ms.
Unloading 1110 Unused Serialized files (Serialized files now loaded: 0)
System memory in use before: 153.0 MB.
System memory in use after: 153.0 MB.

Unloading 5 unused Assets to reduce memory usage. Loaded Objects now: 1648.
Total: 1.983234 ms (FindLiveObjects: 0.267154 ms CreateObjectMapping: 0.047419 ms MarkObjects: 1.611976 ms  DeleteObjects: 0.054996 ms)

========================================================================
Received Prepare
Registering precompiled user dll's ...
Registered in 0.001142 seconds.
Begin MonoManager ReloadAssembly
Native extension for OSXStandalone target not found
Native extension for WebGL target not found
Refreshing native plugins compatible for Editor in 0.29 ms, found 1 plugins.
Preloading 0 native plugins for Editor in 0.00 ms.
Invoked RoslynAnalysisRunner static constructor.
RoslynAnalysisRunner will not be running.
RoslynAnalysisRunner has terminated.
Mono: successfully reloaded assembly
- Completed reload, in  1.020 seconds
Platform modules already initialized, skipping
Refreshing native plugins compatible for Editor in 0.19 ms, found 1 plugins.
Preloading 0 native plugins for Editor in 0.00 ms.
Unloading 1110 Unused Serialized files (Serialized files now loaded: 0)
System memory in use before: 153.1 MB.
System memory in use after: 153.2 MB.

Unloading 5 unused Assets to reduce memory usage. Loaded Objects now: 1651.
Total: 2.473474 ms (FindLiveObjects: 0.247166 ms CreateObjectMapping: 0.064568 ms MarkObjects: 2.106217 ms  DeleteObjects: 0.054221 ms)

========================================================================
Received Prepare
Registering precompiled user dll's ...
Registered in 0.000764 seconds.
Begin MonoManager ReloadAssembly
Native extension for OSXStandalone target not found
Native extension for WebGL target not found
Refreshing native plugins compatible for Editor in 0.25 ms, found 1 plugins.
Preloading 0 native plugins for Editor in 0.00 ms.
Invoked RoslynAnalysisRunner static constructor.
RoslynAnalysisRunner will not be running.
RoslynAnalysisRunner has terminated.
Mono: successfully reloaded assembly
- Completed reload, in  1.117 seconds
Platform modules already initialized, skipping
Refreshing native plugins compatible for Editor in 0.19 ms, found 1 plugins.
Preloading 0 native plugins for Editor in 0.00 ms.
Unloading 1110 Unused Serialized files (Serialized files now loaded: 0)
System memory in use before: 153.3 MB.
System memory in use after: 153.4 MB.

Unloading 5 unused Assets to reduce memory usage. Loaded Objects now: 1654.
Total: 2.483960 ms (FindLiveObjects: 0.323645 ms CreateObjectMapping: 0.066895 ms MarkObjects: 2.033767 ms  DeleteObjects: 0.057431 ms)

